2018-12-01 15:08:51,983 - DEBUG  -  debug message
2018-12-01 15:08:51,985 - INFO  -  info message
2018-12-01 15:08:51,986 - WARNING  -  waringi message
2018-12-01 15:08:51,988 - ERROR  -  error message
2018-12-01 15:08:52,006 - CRITICAL  -  critical message
2018-12-01 15:09:50,313 - DEBUG  -  debug message
2018-12-01 15:09:50,313 - DEBUG  -  debug message
2018-12-01 15:09:50,314 - INFO  -  info message
2018-12-01 15:09:50,314 - INFO  -  info message
2018-12-01 15:09:50,316 - WARNING  -  waringi message
2018-12-01 15:09:50,316 - WARNING  -  waringi message
2018-12-01 15:09:50,318 - ERROR  -  error message
2018-12-01 15:09:50,318 - ERROR  -  error message
2018-12-01 15:09:50,327 - CRITICAL  -  critical message
2018-12-01 15:09:50,327 - CRITICAL  -  critical message
2018-12-01 15:11:27,788 - DEBUG  -  debug message
2018-12-01 15:11:27,788 - DEBUG  -  debug message
2018-12-01 15:11:27,788 - DEBUG  -  debug message
2018-12-01 15:11:27,789 - INFO  -  info message
2018-12-01 15:11:27,789 - INFO  -  info message
2018-12-01 15:11:27,789 - INFO  -  info message
2018-12-01 15:11:27,791 - WARNING  -  waringi message
2018-12-01 15:11:27,791 - WARNING  -  waringi message
2018-12-01 15:11:27,791 - WARNING  -  waringi message
2018-12-01 15:11:27,792 - ERROR  -  error message
2018-12-01 15:11:27,792 - ERROR  -  error message
2018-12-01 15:11:27,792 - ERROR  -  error message
2018-12-01 15:11:27,803 - CRITICAL  -  critical message
2018-12-01 15:11:27,803 - CRITICAL  -  critical message
2018-12-01 15:11:27,803 - CRITICAL  -  critical message
2018-12-01 15:11:54,007 - DEBUG  -  debug message
2018-12-01 15:11:54,007 - DEBUG  -  debug message
2018-12-01 15:11:54,007 - DEBUG  -  debug message
2018-12-01 15:11:54,007 - DEBUG  -  debug message
2018-12-01 15:11:54,008 - INFO  -  info message
2018-12-01 15:11:54,008 - INFO  -  info message
2018-12-01 15:11:54,008 - INFO  -  info message
2018-12-01 15:11:54,008 - INFO  -  info message
2018-12-01 15:11:54,011 - WARNING  -  waringi message
2018-12-01 15:11:54,011 - WARNING  -  waringi message
2018-12-01 15:11:54,011 - WARNING  -  waringi message
2018-12-01 15:11:54,011 - WARNING  -  waringi message
2018-12-01 15:11:54,012 - ERROR  -  error message
2018-12-01 15:11:54,012 - ERROR  -  error message
2018-12-01 15:11:54,012 - ERROR  -  error message
2018-12-01 15:11:54,012 - ERROR  -  error message
2018-12-01 15:11:54,024 - CRITICAL  -  critical message
2018-12-01 15:11:54,024 - CRITICAL  -  critical message
2018-12-01 15:11:54,024 - CRITICAL  -  critical message
2018-12-01 15:11:54,024 - CRITICAL  -  critical message
